<?xml version="1.0" encoding="UTF-8"?>
<!-- Generated by org.testng.reporters.JUnitXMLReporter -->
<testsuite ignored="0" hostname="RRS.local" failures="1" tests="13" name="chrome" time="14.097" errors="0" timestamp="2023-04-27T18:54:23 IST">
  <testcase classname="testClasses.BaseClass" name="@AfterMethod aftermethod" time="0.013">
    <failure type="org.openqa.selenium.NoSuchWindowException" message="no such window: target window already closed
from unknown error: web view not found
  (Session info: chrome=112.0.5615.137)
Build info: version: &amp;apos;4.8.3&amp;apos;, revision: &amp;apos;e5e76298c3&amp;apos;
System info: os.name: &amp;apos;Mac OS X&amp;apos;, os.arch: &amp;apos;x86_64&amp;apos;, os.version: &amp;apos;12.6.5&amp;apos;, java.version: &amp;apos;19.0.1&amp;apos;
Driver info: org.openqa.selenium.chrome.ChromeDriver
Command: [de019b818e64c10639e14a1bd4858b1f, screenshot {}]
Capabilities {acceptInsecureCerts: false, browserName: chrome, browserVersion: 112.0.5615.137, chrome: {chromedriverVersion: 112.0.5615.49 (bd2a7bcb881c..., userDataDir: /var/folders/w5/0p1pln4129d...}, goog:chromeOptions: {debuggerAddress: localhost:56303}, networkConnectionEnabled: false, pageLoadStrategy: normal, platformName: MAC, proxy: Proxy(), se:cdp: ws://localhost:56303/devtoo..., se:cdpVersion: 112.0.5615.137, setWindowRect: true, strictFileInteractability: false, timeouts: {implicit: 0, pageLoad: 300000, script: 30000}, unhandledPromptBehavior: dismiss and notify, webauthn:extension:credBlob: true, webauthn:extension:largeBlob: true, webauthn:extension:minPinLength: true, webauthn:extension:prf: true, webauthn:virtualAuthenticators: true}
Session ID: de019b818e64c10639e14a1bd4858b1f">
      <![CDATA[org.openqa.selenium.NoSuchWindowException: no such window: target window already closed
from unknown error: web view not found
  (Session info: chrome=112.0.5615.137)
Build info: version: '4.8.3', revision: 'e5e76298c3'
System info: os.name: 'Mac OS X', os.arch: 'x86_64', os.version: '12.6.5', java.version: '19.0.1'
Driver info: org.openqa.selenium.chrome.ChromeDriver
Command: [de019b818e64c10639e14a1bd4858b1f, screenshot {}]
Capabilities {acceptInsecureCerts: false, browserName: chrome, browserVersion: 112.0.5615.137, chrome: {chromedriverVersion: 112.0.5615.49 (bd2a7bcb881c..., userDataDir: /var/folders/w5/0p1pln4129d...}, goog:chromeOptions: {debuggerAddress: localhost:56303}, networkConnectionEnabled: false, pageLoadStrategy: normal, platformName: MAC, proxy: Proxy(), se:cdp: ws://localhost:56303/devtoo..., se:cdpVersion: 112.0.5615.137, setWindowRect: true, strictFileInteractability: false, timeouts: {implicit: 0, pageLoad: 300000, script: 30000}, unhandledPromptBehavior: dismiss and notify, webauthn:extension:credBlob: true, webauthn:extension:largeBlob: true, webauthn:extension:minPinLength: true, webauthn:extension:prf: true, webauthn:virtualAuthenticators: true}
Session ID: de019b818e64c10639e14a1bd4858b1f
at org.openqa.selenium.remote.codec.w3c.W3CHttpResponseCodec.createException(W3CHttpResponseCodec.java:200)
at org.openqa.selenium.remote.codec.w3c.W3CHttpResponseCodec.decode(W3CHttpResponseCodec.java:133)
at org.openqa.selenium.remote.codec.w3c.W3CHttpResponseCodec.decode(W3CHttpResponseCodec.java:53)
at org.openqa.selenium.remote.HttpCommandExecutor.execute(HttpCommandExecutor.java:193)
at org.openqa.selenium.remote.service.DriverCommandExecutor.invokeExecute(DriverCommandExecutor.java:183)
at org.openqa.selenium.remote.service.DriverCommandExecutor.execute(DriverCommandExecutor.java:158)
at org.openqa.selenium.remote.RemoteWebDriver.execute(RemoteWebDriver.java:543)
at org.openqa.selenium.remote.RemoteWebDriver.execute(RemoteWebDriver.java:598)
at org.openqa.selenium.remote.RemoteWebDriver.execute(RemoteWebDriver.java:602)
at org.openqa.selenium.remote.RemoteWebDriver.getScreenshotAs(RemoteWebDriver.java:318)
at utilities.CaptureScreen.screenshot(CaptureScreen.java:16)
at testClasses.BaseClass.aftermethod(BaseClass.java:52)
at java.base/java.util.ArrayList.forEach(ArrayList.java:1511)
... Removed 33 stack frames]]>
    </failure>
  </testcase> <!-- @AfterMethod aftermethod -->
  <testcase classname="testClasses.BaseClass" name="@BeforeMethod beforeMethod" time="-1.682601858173E9">
    <skipped/>
  </testcase> <!-- @BeforeMethod beforeMethod -->
  <testcase classname="testClasses.TestCases" name="@BeforeMethod beforemethod" time="-1.682601858175E9">
    <skipped/>
  </testcase> <!-- @BeforeMethod beforemethod -->
  <testcase classname="testClasses.BaseClass" name="@AfterMethod aftermethod" time="-1.68260185819E9">
    <skipped/>
  </testcase> <!-- @AfterMethod aftermethod -->
  <testcase classname="testClasses.BaseClass" name="@BeforeMethod beforeMethod" time="-1.682601858192E9">
    <skipped/>
  </testcase> <!-- @BeforeMethod beforeMethod -->
  <testcase classname="testClasses.TestCases" name="@BeforeMethod beforemethod" time="-1.682601858195E9">
    <skipped/>
  </testcase> <!-- @BeforeMethod beforemethod -->
  <testcase classname="testClasses.BaseClass" name="@AfterMethod aftermethod" time="-1.682601858218E9">
    <skipped/>
  </testcase> <!-- @AfterMethod aftermethod -->
  <testcase classname="testClasses.BaseClass" name="@BeforeMethod beforeMethod" time="-1.68260185822E9">
    <skipped/>
  </testcase> <!-- @BeforeMethod beforeMethod -->
  <testcase classname="testClasses.TestCases" name="@BeforeMethod beforemethod" time="-1.682601858225E9">
    <skipped/>
  </testcase> <!-- @BeforeMethod beforemethod -->
  <testcase classname="testClasses.BaseClass" name="@AfterMethod aftermethod" time="-1.682601858247E9">
    <skipped/>
  </testcase> <!-- @AfterMethod aftermethod -->
  <testcase classname="testClasses.BaseClass" name="@BeforeMethod beforeMethod" time="-1.682601858251E9">
    <skipped/>
  </testcase> <!-- @BeforeMethod beforeMethod -->
  <testcase classname="testClasses.TestCases" name="@BeforeMethod beforemethod" time="-1.682601858253E9">
    <skipped/>
  </testcase> <!-- @BeforeMethod beforemethod -->
  <testcase classname="testClasses.BaseClass" name="@AfterMethod aftermethod" time="-1.682601858306E9">
    <skipped/>
  </testcase> <!-- @AfterMethod aftermethod -->
  <testcase classname="testClasses.BaseClass" name="@BeforeMethod beforeMethod" time="-1.682601858313E9">
    <skipped/>
  </testcase> <!-- @BeforeMethod beforeMethod -->
  <testcase classname="testClasses.TestCases" name="@BeforeMethod beforemethod" time="-1.682601858315E9">
    <skipped/>
  </testcase> <!-- @BeforeMethod beforemethod -->
  <testcase classname="testClasses.BaseClass" name="@AfterMethod aftermethod" time="-1.682601858324E9">
    <skipped/>
  </testcase> <!-- @AfterMethod aftermethod -->
  <testcase classname="testClasses.BaseClass" name="@BeforeMethod beforeMethod" time="-1.682601858333E9">
    <skipped/>
  </testcase> <!-- @BeforeMethod beforeMethod -->
  <testcase classname="testClasses.TestCases" name="@BeforeMethod beforemethod" time="-1.682601858336E9">
    <skipped/>
  </testcase> <!-- @BeforeMethod beforemethod -->
  <testcase classname="testClasses.BaseClass" name="@AfterMethod aftermethod" time="-1.682601858343E9">
    <skipped/>
  </testcase> <!-- @AfterMethod aftermethod -->
  <testcase classname="testClasses.BaseClass" name="@BeforeMethod beforeMethod" time="-1.682601858372E9">
    <skipped/>
  </testcase> <!-- @BeforeMethod beforeMethod -->
  <testcase classname="testClasses.TestCases" name="@BeforeMethod beforemethod" time="-1.682601858373E9">
    <skipped/>
  </testcase> <!-- @BeforeMethod beforemethod -->
  <testcase classname="testClasses.BaseClass" name="@AfterMethod aftermethod" time="-1.682601858379E9">
    <skipped/>
  </testcase> <!-- @AfterMethod aftermethod -->
  <testcase classname="testClasses.BaseClass" name="@BeforeMethod beforeMethod" time="-1.682601858382E9">
    <skipped/>
  </testcase> <!-- @BeforeMethod beforeMethod -->
  <testcase classname="testClasses.TestCases" name="@BeforeMethod beforemethod" time="-1.682601858383E9">
    <skipped/>
  </testcase> <!-- @BeforeMethod beforemethod -->
  <testcase classname="testClasses.BaseClass" name="@AfterMethod aftermethod" time="-1.682601858389E9">
    <skipped/>
  </testcase> <!-- @AfterMethod aftermethod -->
  <testcase classname="testClasses.BaseClass" name="@BeforeMethod beforeMethod" time="-1.682601858399E9">
    <skipped/>
  </testcase> <!-- @BeforeMethod beforeMethod -->
  <testcase classname="testClasses.TestCases" name="@BeforeMethod beforemethod" time="-1.6826018584E9">
    <skipped/>
  </testcase> <!-- @BeforeMethod beforemethod -->
  <testcase classname="testClasses.BaseClass" name="@AfterMethod aftermethod" time="-1.68260185841E9">
    <skipped/>
  </testcase> <!-- @AfterMethod aftermethod -->
  <testcase classname="testClasses.BaseClass" name="@AfterTest afterclass" time="-1.682601858412E9">
    <skipped/>
  </testcase> <!-- @AfterTest afterclass -->
  <testcase classname="testClasses.TestCases" name="verify_Title" time="1.238">
    <failure type="org.openqa.selenium.NoSuchWindowException" message="no such window: target window already closed
from unknown error: web view not found
  (Session info: chrome=112.0.5615.137)
Build info: version: &amp;apos;4.8.3&amp;apos;, revision: &amp;apos;e5e76298c3&amp;apos;
System info: os.name: &amp;apos;Mac OS X&amp;apos;, os.arch: &amp;apos;x86_64&amp;apos;, os.version: &amp;apos;12.6.5&amp;apos;, java.version: &amp;apos;19.0.1&amp;apos;
Driver info: org.openqa.selenium.chrome.ChromeDriver
Command: [de019b818e64c10639e14a1bd4858b1f, getTitle {}]
Capabilities {acceptInsecureCerts: false, browserName: chrome, browserVersion: 112.0.5615.137, chrome: {chromedriverVersion: 112.0.5615.49 (bd2a7bcb881c..., userDataDir: /var/folders/w5/0p1pln4129d...}, goog:chromeOptions: {debuggerAddress: localhost:56303}, networkConnectionEnabled: false, pageLoadStrategy: normal, platformName: MAC, proxy: Proxy(), se:cdp: ws://localhost:56303/devtoo..., se:cdpVersion: 112.0.5615.137, setWindowRect: true, strictFileInteractability: false, timeouts: {implicit: 0, pageLoad: 300000, script: 30000}, unhandledPromptBehavior: dismiss and notify, webauthn:extension:credBlob: true, webauthn:extension:largeBlob: true, webauthn:extension:minPinLength: true, webauthn:extension:prf: true, webauthn:virtualAuthenticators: true}
Session ID: de019b818e64c10639e14a1bd4858b1f">
      <![CDATA[org.openqa.selenium.NoSuchWindowException: no such window: target window already closed
from unknown error: web view not found
  (Session info: chrome=112.0.5615.137)
Build info: version: '4.8.3', revision: 'e5e76298c3'
System info: os.name: 'Mac OS X', os.arch: 'x86_64', os.version: '12.6.5', java.version: '19.0.1'
Driver info: org.openqa.selenium.chrome.ChromeDriver
Command: [de019b818e64c10639e14a1bd4858b1f, getTitle {}]
Capabilities {acceptInsecureCerts: false, browserName: chrome, browserVersion: 112.0.5615.137, chrome: {chromedriverVersion: 112.0.5615.49 (bd2a7bcb881c..., userDataDir: /var/folders/w5/0p1pln4129d...}, goog:chromeOptions: {debuggerAddress: localhost:56303}, networkConnectionEnabled: false, pageLoadStrategy: normal, platformName: MAC, proxy: Proxy(), se:cdp: ws://localhost:56303/devtoo..., se:cdpVersion: 112.0.5615.137, setWindowRect: true, strictFileInteractability: false, timeouts: {implicit: 0, pageLoad: 300000, script: 30000}, unhandledPromptBehavior: dismiss and notify, webauthn:extension:credBlob: true, webauthn:extension:largeBlob: true, webauthn:extension:minPinLength: true, webauthn:extension:prf: true, webauthn:virtualAuthenticators: true}
Session ID: de019b818e64c10639e14a1bd4858b1f
at org.openqa.selenium.remote.codec.w3c.W3CHttpResponseCodec.createException(W3CHttpResponseCodec.java:200)
at org.openqa.selenium.remote.codec.w3c.W3CHttpResponseCodec.decode(W3CHttpResponseCodec.java:133)
at org.openqa.selenium.remote.codec.w3c.W3CHttpResponseCodec.decode(W3CHttpResponseCodec.java:53)
at org.openqa.selenium.remote.HttpCommandExecutor.execute(HttpCommandExecutor.java:193)
at org.openqa.selenium.remote.service.DriverCommandExecutor.invokeExecute(DriverCommandExecutor.java:183)
at org.openqa.selenium.remote.service.DriverCommandExecutor.execute(DriverCommandExecutor.java:158)
at org.openqa.selenium.remote.RemoteWebDriver.execute(RemoteWebDriver.java:543)
at org.openqa.selenium.remote.RemoteWebDriver.execute(RemoteWebDriver.java:598)
at org.openqa.selenium.remote.RemoteWebDriver.execute(RemoteWebDriver.java:602)
at org.openqa.selenium.remote.RemoteWebDriver.getTitle(RemoteWebDriver.java:302)
at pomPages.LoginPage.verifyTitle(LoginPage.java:88)
at testClasses.TestCases.verify_Title(TestCases.java:85)
at java.base/java.util.ArrayList.forEach(ArrayList.java:1511)
... Removed 28 stack frames]]>
    </failure>
  </testcase> <!-- verify_Title -->
  <testcase classname="testClasses.TestCases" name="verify_Logo" time="0.0">
    <skipped/>
  </testcase> <!-- verify_Logo -->
  <testcase classname="testClasses.TestCases" name="verify_Login_Fails_Error_Message" time="0.0">
    <skipped/>
  </testcase> <!-- verify_Login_Fails_Error_Message -->
  <testcase classname="testClasses.TestCases" name="verify_Empty_Credentials" time="0.0">
    <skipped/>
  </testcase> <!-- verify_Empty_Credentials -->
  <testcase classname="testClasses.TestCases" name="verify_Invalid_Credentials" time="0.0">
    <skipped/>
  </testcase> <!-- verify_Invalid_Credentials -->
  <testcase classname="testClasses.TestCases" name="verify_Valid_Credentials" time="0.0">
    <skipped/>
  </testcase> <!-- verify_Valid_Credentials -->
  <testcase classname="testClasses.TestCases" name="verify_Search_With_All_Tabs" time="0.0">
    <skipped/>
  </testcase> <!-- verify_Search_With_All_Tabs -->
  <testcase classname="testClasses.TestCases" name="verify_Tabs_Colspan" time="0.0">
    <skipped/>
  </testcase> <!-- verify_Tabs_Colspan -->
  <testcase classname="testClasses.TestCases" name="verify_All_links_DashBoard" time="0.0">
    <skipped/>
  </testcase> <!-- verify_All_links_DashBoard -->
  <testcase classname="testClasses.TestCases" name="verify_Dash_Profile_About_PopupURL" time="0.0">
    <skipped/>
  </testcase> <!-- verify_Dash_Profile_About_PopupURL -->
  <testcase classname="testClasses.TestCases" name="verify_Dash_Profile_SupportPageURL" time="0.0">
    <skipped/>
  </testcase> <!-- verify_Dash_Profile_SupportPageURL -->
  <testcase classname="testClasses.TestCases" name="verify_Dash_Profile_ChangePasswordURL" time="0.0">
    <skipped/>
  </testcase> <!-- verify_Dash_Profile_ChangePasswordURL -->
  <testcase classname="testClasses.TestCases" name="verify_DashBoard_Logout_Functionality" time="0.0">
    <skipped/>
  </testcase> <!-- verify_DashBoard_Logout_Functionality -->
</testsuite> <!-- chrome -->
