<?xml version="1.0" encoding="UTF-8"?>
<!-- Generated by org.testng.reporters.JUnitXMLReporter -->
<testsuite ignored="0" hostname="RRS.local" failures="0" tests="13" name="firefox" time="62.349" errors="0" timestamp="2023-03-09T19:26:27 IST">
  <testcase classname="testClasses.TestCases" name="verify_Title" time="0.016"/>
  <testcase classname="testClasses.TestCases" name="verify_Logo" time="1.564"/>
  <testcase classname="testClasses.TestCases" name="verify_Login_Fails_Error_Message" time="3.158"/>
  <testcase classname="testClasses.TestCases" name="verify_Empty_Credentials" time="0.393"/>
  <testcase classname="testClasses.TestCases" name="verify_Invalid_Credentials" time="1.221"/>
  <testcase classname="testClasses.TestCases" name="verify_Valid_Credentials" time="3.352"/>
  <testcase classname="testClasses.TestCases" name="verify_Search_With_All_Tabs" time="8.235"/>
  <testcase classname="testClasses.TestCases" name="verify_Tabs_Colspan" time="0.174"/>
  <testcase classname="testClasses.TestCases" name="verify_All_links_DashBoard" time="17.599"/>
  <testcase classname="testClasses.TestCases" name="verify_Dash_Profile_About_PopupURL" time="2.217"/>
  <testcase classname="testClasses.TestCases" name="verify_Dash_Profile_SupportPageURL" time="1.351"/>
  <testcase classname="testClasses.TestCases" name="verify_Dash_Profile_ChangePasswordURL" time="2.674"/>
  <testcase classname="testClasses.TestCases" name="verify_DashBoard_Logout_Functionality" time="1.994"/>
</testsuite> <!-- firefox -->
