<?xml version="1.0" encoding="UTF-8"?>
<!-- Generated by org.testng.reporters.JUnitXMLReporter -->
<testsuite ignored="0" hostname="RRS.local" failures="0" tests="13" name="Test1" time="53.9" errors="0" timestamp="2023-03-09T15:35:04 IST">
  <testcase classname="testClasses.TestCases" name="verify_Title" time="0.021"/>
  <testcase classname="testClasses.TestCases" name="verify_Logo" time="1.227"/>
  <testcase classname="testClasses.TestCases" name="verify_Login_Fails_Error_Message" time="1.741"/>
  <testcase classname="testClasses.TestCases" name="verify_Empty_Credentials" time="0.394"/>
  <testcase classname="testClasses.TestCases" name="verify_Invalid_Credentials" time="1.282"/>
  <testcase classname="testClasses.TestCases" name="verify_Valid_Credentials" time="2.32"/>
  <testcase classname="testClasses.TestCases" name="verify_Search_With_All_Tabs" time="8.412"/>
  <testcase classname="testClasses.TestCases" name="verify_Tabs_Colspan" time="0.19"/>
  <testcase classname="testClasses.TestCases" name="verify_All_links_DashBoard" time="16.003"/>
  <testcase classname="testClasses.TestCases" name="verify_Dash_Profile_About_PopupURL" time="1.731"/>
  <testcase classname="testClasses.TestCases" name="verify_Dash_Profile_SupportPageURL" time="1.715"/>
  <testcase classname="testClasses.TestCases" name="verify_Dash_Profile_ChangePasswordURL" time="2.303"/>
  <testcase classname="testClasses.TestCases" name="verify_DashBoard_Logout_Functionality" time="2.278"/>
</testsuite> <!-- Test1 -->
