<?xml version="1.0" encoding="UTF-8"?>
<testng-results ignored="0" total="13" passed="11" failed="2" skipped="0">
  <reporter-output>
  </reporter-output>
  <suite started-at="2023-03-28T11:26:22 IST" name="Suite" finished-at="2023-03-28T11:27:57 IST" duration-ms="94861">
    <groups>
    </groups>
    <test started-at="2023-03-28T11:26:22 IST" name="chrome" finished-at="2023-03-28T11:27:57 IST" duration-ms="94861">
      <class name="testClasses.TestCases">
        <test-method is-config="true" signature="beforeClass(java.lang.String)[pri:0, instance:testClasses.TestCases@4a22f9e2]" started-at="2023-03-28T11:26:22 IST" name="beforeClass" finished-at="2023-03-28T11:27:11 IST" duration-ms="48377" status="PASS">
          <params>
            <param index="0">
              <value>
                <![CDATA[chrome]]>
              </value>
            </param>
          </params>
          <reporter-output>
          </reporter-output>
        </test-method> <!-- beforeClass -->
        <test-method is-config="true" signature="beforeMethod()[pri:0, instance:testClasses.TestCases@4a22f9e2]" started-at="2023-03-28T11:27:11 IST" name="beforeMethod" finished-at="2023-03-28T11:27:11 IST" duration-ms="1" status="PASS">
          <reporter-output>
          </reporter-output>
        </test-method> <!-- beforeMethod -->
        <test-method is-config="true" signature="beforemethod()[pri:0, instance:testClasses.TestCases@4a22f9e2]" started-at="2023-03-28T11:27:11 IST" name="beforemethod" finished-at="2023-03-28T11:27:11 IST" duration-ms="44" status="PASS">
          <reporter-output>
          </reporter-output>
        </test-method> <!-- beforemethod -->
        <test-method signature="verify_Title()[pri:-1, instance:testClasses.TestCases@4a22f9e2]" started-at="2023-03-28T11:27:11 IST" name="verify_Title" finished-at="2023-03-28T11:27:12 IST" duration-ms="1097" status="PASS">
          <reporter-output>
          </reporter-output>
        </test-method> <!-- verify_Title -->
        <test-method is-config="true" signature="aftermethod(org.testng.ITestResult)[pri:0, instance:testClasses.TestCases@4a22f9e2]" started-at="2023-03-28T11:27:12 IST" name="aftermethod" finished-at="2023-03-28T11:27:12 IST" duration-ms="478" status="PASS">
          <params>
            <param index="0">
              <value>
                <![CDATA[[TestResult name=verify_Title status=SUCCESS method=TestCases.verify_Title()[pri:-1, instance:testClasses.TestCases@4a22f9e2] output={null}]]]>
              </value>
            </param>
          </params>
          <reporter-output>
          </reporter-output>
        </test-method> <!-- aftermethod -->
        <test-method is-config="true" signature="beforeMethod()[pri:0, instance:testClasses.TestCases@4a22f9e2]" started-at="2023-03-28T11:27:12 IST" name="beforeMethod" finished-at="2023-03-28T11:27:12 IST" duration-ms="1" status="PASS">
          <reporter-output>
          </reporter-output>
        </test-method> <!-- beforeMethod -->
        <test-method is-config="true" signature="beforemethod()[pri:0, instance:testClasses.TestCases@4a22f9e2]" started-at="2023-03-28T11:27:12 IST" name="beforemethod" finished-at="2023-03-28T11:27:12 IST" duration-ms="1" status="PASS">
          <reporter-output>
          </reporter-output>
        </test-method> <!-- beforemethod -->
        <test-method signature="verify_Logo()[pri:0, instance:testClasses.TestCases@4a22f9e2]" started-at="2023-03-28T11:27:12 IST" name="verify_Logo" finished-at="2023-03-28T11:27:23 IST" duration-ms="10638" status="FAIL">
          <exception class="org.openqa.selenium.TimeoutException">
            <message>
              <![CDATA[Expected condition failed: waiting for visibility of [[ChromeDriver: chrome on MAC (0356e0a4251fa90331c2488988f356f1)] -> xpath: //div[@class='orangehrm-login-branding']//img] (tried for 10 second(s) with 500 milliseconds interval)
Build info: version: '4.8.3', revision: 'e5e76298c3'
System info: os.name: 'Mac OS X', os.arch: 'x86_64', os.version: '12.6.3', java.version: '19.0.1'
Driver info: org.openqa.selenium.chrome.ChromeDriver
Capabilities {acceptInsecureCerts: false, browserName: chrome, browserVersion: 111.0.5563.110, chrome: {chromedriverVersion: 111.0.5563.64 (c710e93d5b63..., userDataDir: /var/folders/w5/0p1pln4129d...}, goog:chromeOptions: {debuggerAddress: localhost:52597}, networkConnectionEnabled: false, pageLoadStrategy: normal, platformName: MAC, proxy: Proxy(), se:cdp: ws://localhost:52597/devtoo..., se:cdpVersion: 111.0.5563.110, setWindowRect: true, strictFileInteractability: false, timeouts: {implicit: 0, pageLoad: 300000, script: 30000}, unhandledPromptBehavior: dismiss and notify, webauthn:extension:credBlob: true, webauthn:extension:largeBlob: true, webauthn:extension:minPinLength: true, webauthn:extension:prf: true, webauthn:virtualAuthenticators: true}
Session ID: 0356e0a4251fa90331c2488988f356f1]]>
            </message>
            <full-stacktrace>
              <![CDATA[org.openqa.selenium.TimeoutException: Expected condition failed: waiting for visibility of [[ChromeDriver: chrome on MAC (0356e0a4251fa90331c2488988f356f1)] -> xpath: //div[@class='orangehrm-login-branding']//img] (tried for 10 second(s) with 500 milliseconds interval)
Build info: version: '4.8.3', revision: 'e5e76298c3'
System info: os.name: 'Mac OS X', os.arch: 'x86_64', os.version: '12.6.3', java.version: '19.0.1'
Driver info: org.openqa.selenium.chrome.ChromeDriver
Capabilities {acceptInsecureCerts: false, browserName: chrome, browserVersion: 111.0.5563.110, chrome: {chromedriverVersion: 111.0.5563.64 (c710e93d5b63..., userDataDir: /var/folders/w5/0p1pln4129d...}, goog:chromeOptions: {debuggerAddress: localhost:52597}, networkConnectionEnabled: false, pageLoadStrategy: normal, platformName: MAC, proxy: Proxy(), se:cdp: ws://localhost:52597/devtoo..., se:cdpVersion: 111.0.5563.110, setWindowRect: true, strictFileInteractability: false, timeouts: {implicit: 0, pageLoad: 300000, script: 30000}, unhandledPromptBehavior: dismiss and notify, webauthn:extension:credBlob: true, webauthn:extension:largeBlob: true, webauthn:extension:minPinLength: true, webauthn:extension:prf: true, webauthn:virtualAuthenticators: true}
Session ID: 0356e0a4251fa90331c2488988f356f1
at org.openqa.selenium.support.ui.WebDriverWait.timeoutException(WebDriverWait.java:87)
at org.openqa.selenium.support.ui.FluentWait.until(FluentWait.java:231)
at utilities.TimeOut.waitForElementLocated(TimeOut.java:13)
at pomPages.LoginPage.verifylogoimage(LoginPage.java:68)
at testClasses.TestCases.verify_Logo(TestCases.java:89)
at java.base/jdk.internal.reflect.DirectMethodHandleAccessor.invoke(DirectMethodHandleAccessor.java:104)
at java.base/java.lang.reflect.Method.invoke(Method.java:578)
at org.testng.internal.MethodInvocationHelper.invokeMethod(MethodInvocationHelper.java:133)
at org.testng.internal.TestInvoker.invokeMethod(TestInvoker.java:598)
at org.testng.internal.TestInvoker.invokeTestMethod(TestInvoker.java:173)
at org.testng.internal.MethodRunner.runInSequence(MethodRunner.java:46)
at org.testng.internal.TestInvoker$MethodInvocationAgent.invoke(TestInvoker.java:824)
at org.testng.internal.TestInvoker.invokeTestMethods(TestInvoker.java:146)
at org.testng.internal.TestMethodWorker.invokeTestMethods(TestMethodWorker.java:146)
at org.testng.internal.TestMethodWorker.run(TestMethodWorker.java:128)
at java.base/java.util.ArrayList.forEach(ArrayList.java:1511)
at org.testng.TestRunner.privateRun(TestRunner.java:794)
at org.testng.TestRunner.run(TestRunner.java:596)
at org.testng.SuiteRunner.runTest(SuiteRunner.java:377)
at org.testng.SuiteRunner.runSequentially(SuiteRunner.java:371)
at org.testng.SuiteRunner.privateRun(SuiteRunner.java:332)
at org.testng.SuiteRunner.run(SuiteRunner.java:276)
at org.testng.SuiteRunnerWorker.runSuite(SuiteRunnerWorker.java:53)
at org.testng.SuiteRunnerWorker.run(SuiteRunnerWorker.java:96)
at org.testng.TestNG.runSuitesSequentially(TestNG.java:1212)
at org.testng.TestNG.runSuitesLocally(TestNG.java:1134)
at org.testng.TestNG.runSuites(TestNG.java:1063)
at org.testng.TestNG.run(TestNG.java:1031)
at org.testng.remote.AbstractRemoteTestNG.run(AbstractRemoteTestNG.java:115)
at org.testng.remote.RemoteTestNG.initAndRun(RemoteTestNG.java:251)
at org.testng.remote.RemoteTestNG.main(RemoteTestNG.java:77)
]]>
            </full-stacktrace>
          </exception> <!-- org.openqa.selenium.TimeoutException -->
          <reporter-output>
          </reporter-output>
        </test-method> <!-- verify_Logo -->
        <test-method is-config="true" signature="aftermethod(org.testng.ITestResult)[pri:0, instance:testClasses.TestCases@4a22f9e2]" started-at="2023-03-28T11:27:23 IST" name="aftermethod" finished-at="2023-03-28T11:27:24 IST" duration-ms="813" status="PASS">
          <params>
            <param index="0">
              <value>
                <![CDATA[[TestResult name=verify_Logo status=FAILURE method=TestCases.verify_Logo()[pri:0, instance:testClasses.TestCases@4a22f9e2] output={null}]]]>
              </value>
            </param>
          </params>
          <reporter-output>
          </reporter-output>
        </test-method> <!-- aftermethod -->
        <test-method is-config="true" signature="beforeMethod()[pri:0, instance:testClasses.TestCases@4a22f9e2]" started-at="2023-03-28T11:27:24 IST" name="beforeMethod" finished-at="2023-03-28T11:27:24 IST" duration-ms="1" status="PASS">
          <reporter-output>
          </reporter-output>
        </test-method> <!-- beforeMethod -->
        <test-method is-config="true" signature="beforemethod()[pri:0, instance:testClasses.TestCases@4a22f9e2]" started-at="2023-03-28T11:27:24 IST" name="beforemethod" finished-at="2023-03-28T11:27:24 IST" duration-ms="3" status="PASS">
          <reporter-output>
          </reporter-output>
        </test-method> <!-- beforemethod -->
        <test-method signature="verify_Login_Fails_Error_Message()[pri:1, instance:testClasses.TestCases@4a22f9e2]" started-at="2023-03-28T11:27:24 IST" name="verify_Login_Fails_Error_Message" finished-at="2023-03-28T11:27:26 IST" duration-ms="2331" status="FAIL">
          <exception class="java.io.FileNotFoundException">
            <message>
              <![CDATA[src/test/resources/screenshots/Tue Mar 28 11 27 26 IST 2023Invalid Login.png (No such file or directory)]]>
            </message>
            <full-stacktrace>
              <![CDATA[java.io.FileNotFoundException: src/test/resources/screenshots/Tue Mar 28 11 27 26 IST 2023Invalid Login.png (No such file or directory)
at java.base/java.io.FileOutputStream.open0(Native Method)
at java.base/java.io.FileOutputStream.open(FileOutputStream.java:295)
at java.base/java.io.FileOutputStream.<init>(FileOutputStream.java:236)
at java.base/java.io.FileOutputStream.<init>(FileOutputStream.java:185)
at org.openqa.selenium.io.FileHandler.copyFile(FileHandler.java:136)
at org.openqa.selenium.io.FileHandler.copy(FileHandler.java:115)
at utilities.CaptureScreenShot.takescreenshot(CaptureScreenShot.java:18)
at pomPages.LoginPage.ErrorMessage(LoginPage.java:62)
at testClasses.TestCases.verify_Login_Fails_Error_Message(TestCases.java:80)
at java.base/jdk.internal.reflect.DirectMethodHandleAccessor.invoke(DirectMethodHandleAccessor.java:104)
at java.base/java.lang.reflect.Method.invoke(Method.java:578)
at org.testng.internal.MethodInvocationHelper.invokeMethod(MethodInvocationHelper.java:133)
at org.testng.internal.TestInvoker.invokeMethod(TestInvoker.java:598)
at org.testng.internal.TestInvoker.invokeTestMethod(TestInvoker.java:173)
at org.testng.internal.MethodRunner.runInSequence(MethodRunner.java:46)
at org.testng.internal.TestInvoker$MethodInvocationAgent.invoke(TestInvoker.java:824)
at org.testng.internal.TestInvoker.invokeTestMethods(TestInvoker.java:146)
at org.testng.internal.TestMethodWorker.invokeTestMethods(TestMethodWorker.java:146)
at org.testng.internal.TestMethodWorker.run(TestMethodWorker.java:128)
at java.base/java.util.ArrayList.forEach(ArrayList.java:1511)
at org.testng.TestRunner.privateRun(TestRunner.java:794)
at org.testng.TestRunner.run(TestRunner.java:596)
at org.testng.SuiteRunner.runTest(SuiteRunner.java:377)
at org.testng.SuiteRunner.runSequentially(SuiteRunner.java:371)
at org.testng.SuiteRunner.privateRun(SuiteRunner.java:332)
at org.testng.SuiteRunner.run(SuiteRunner.java:276)
at org.testng.SuiteRunnerWorker.runSuite(SuiteRunnerWorker.java:53)
at org.testng.SuiteRunnerWorker.run(SuiteRunnerWorker.java:96)
at org.testng.TestNG.runSuitesSequentially(TestNG.java:1212)
at org.testng.TestNG.runSuitesLocally(TestNG.java:1134)
at org.testng.TestNG.runSuites(TestNG.java:1063)
at org.testng.TestNG.run(TestNG.java:1031)
at org.testng.remote.AbstractRemoteTestNG.run(AbstractRemoteTestNG.java:115)
at org.testng.remote.RemoteTestNG.initAndRun(RemoteTestNG.java:251)
at org.testng.remote.RemoteTestNG.main(RemoteTestNG.java:77)
]]>
            </full-stacktrace>
          </exception> <!-- java.io.FileNotFoundException -->
          <reporter-output>
          </reporter-output>
        </test-method> <!-- verify_Login_Fails_Error_Message -->
        <test-method is-config="true" signature="aftermethod(org.testng.ITestResult)[pri:0, instance:testClasses.TestCases@4a22f9e2]" started-at="2023-03-28T11:27:26 IST" name="aftermethod" finished-at="2023-03-28T11:27:26 IST" duration-ms="237" status="PASS">
          <params>
            <param index="0">
              <value>
                <![CDATA[[TestResult name=verify_Login_Fails_Error_Message status=FAILURE method=TestCases.verify_Login_Fails_Error_Message()[pri:1, instance:testClasses.TestCases@4a22f9e2] output={null}]]]>
              </value>
            </param>
          </params>
          <reporter-output>
          </reporter-output>
        </test-method> <!-- aftermethod -->
        <test-method is-config="true" signature="beforeMethod()[pri:0, instance:testClasses.TestCases@4a22f9e2]" started-at="2023-03-28T11:27:26 IST" name="beforeMethod" finished-at="2023-03-28T11:27:26 IST" duration-ms="0" status="PASS">
          <reporter-output>
          </reporter-output>
        </test-method> <!-- beforeMethod -->
        <test-method is-config="true" signature="beforemethod()[pri:0, instance:testClasses.TestCases@4a22f9e2]" started-at="2023-03-28T11:27:26 IST" name="beforemethod" finished-at="2023-03-28T11:27:26 IST" duration-ms="3" status="PASS">
          <reporter-output>
          </reporter-output>
        </test-method> <!-- beforemethod -->
        <test-method signature="verify_Empty_Credentials()[pri:2, instance:testClasses.TestCases@4a22f9e2]" started-at="2023-03-28T11:27:26 IST" name="verify_Empty_Credentials" finished-at="2023-03-28T11:27:27 IST" duration-ms="411" status="PASS">
          <reporter-output>
          </reporter-output>
        </test-method> <!-- verify_Empty_Credentials -->
        <test-method is-config="true" signature="aftermethod(org.testng.ITestResult)[pri:0, instance:testClasses.TestCases@4a22f9e2]" started-at="2023-03-28T11:27:27 IST" name="aftermethod" finished-at="2023-03-28T11:27:27 IST" duration-ms="99" status="PASS">
          <params>
            <param index="0">
              <value>
                <![CDATA[[TestResult name=verify_Empty_Credentials status=SUCCESS method=TestCases.verify_Empty_Credentials()[pri:2, instance:testClasses.TestCases@4a22f9e2] output={null}]]]>
              </value>
            </param>
          </params>
          <reporter-output>
          </reporter-output>
        </test-method> <!-- aftermethod -->
        <test-method is-config="true" signature="beforeMethod()[pri:0, instance:testClasses.TestCases@4a22f9e2]" started-at="2023-03-28T11:27:27 IST" name="beforeMethod" finished-at="2023-03-28T11:27:27 IST" duration-ms="0" status="PASS">
          <reporter-output>
          </reporter-output>
        </test-method> <!-- beforeMethod -->
        <test-method is-config="true" signature="beforemethod()[pri:0, instance:testClasses.TestCases@4a22f9e2]" started-at="2023-03-28T11:27:27 IST" name="beforemethod" finished-at="2023-03-28T11:27:27 IST" duration-ms="1" status="PASS">
          <reporter-output>
          </reporter-output>
        </test-method> <!-- beforemethod -->
        <test-method signature="verify_Invalid_Credentials()[pri:2, instance:testClasses.TestCases@4a22f9e2]" started-at="2023-03-28T11:27:27 IST" name="verify_Invalid_Credentials" finished-at="2023-03-28T11:27:28 IST" duration-ms="1251" status="PASS">
          <reporter-output>
          </reporter-output>
        </test-method> <!-- verify_Invalid_Credentials -->
        <test-method is-config="true" signature="aftermethod(org.testng.ITestResult)[pri:0, instance:testClasses.TestCases@4a22f9e2]" started-at="2023-03-28T11:27:28 IST" name="aftermethod" finished-at="2023-03-28T11:27:28 IST" duration-ms="80" status="PASS">
          <params>
            <param index="0">
              <value>
                <![CDATA[[TestResult name=verify_Invalid_Credentials status=SUCCESS method=TestCases.verify_Invalid_Credentials()[pri:2, instance:testClasses.TestCases@4a22f9e2] output={null}]]]>
              </value>
            </param>
          </params>
          <reporter-output>
          </reporter-output>
        </test-method> <!-- aftermethod -->
        <test-method is-config="true" signature="beforeMethod()[pri:0, instance:testClasses.TestCases@4a22f9e2]" started-at="2023-03-28T11:27:28 IST" name="beforeMethod" finished-at="2023-03-28T11:27:28 IST" duration-ms="0" status="PASS">
          <reporter-output>
          </reporter-output>
        </test-method> <!-- beforeMethod -->
        <test-method is-config="true" signature="beforemethod()[pri:0, instance:testClasses.TestCases@4a22f9e2]" started-at="2023-03-28T11:27:28 IST" name="beforemethod" finished-at="2023-03-28T11:27:28 IST" duration-ms="3" status="PASS">
          <reporter-output>
          </reporter-output>
        </test-method> <!-- beforemethod -->
        <test-method signature="verify_Valid_Credentials()[pri:3, instance:testClasses.TestCases@4a22f9e2]" started-at="2023-03-28T11:27:28 IST" name="verify_Valid_Credentials" finished-at="2023-03-28T11:27:30 IST" duration-ms="2074" status="PASS">
          <reporter-output>
          </reporter-output>
        </test-method> <!-- verify_Valid_Credentials -->
        <test-method is-config="true" signature="aftermethod(org.testng.ITestResult)[pri:0, instance:testClasses.TestCases@4a22f9e2]" started-at="2023-03-28T11:27:30 IST" name="aftermethod" finished-at="2023-03-28T11:27:30 IST" duration-ms="79" status="PASS">
          <params>
            <param index="0">
              <value>
                <![CDATA[[TestResult name=verify_Valid_Credentials status=SUCCESS method=TestCases.verify_Valid_Credentials()[pri:3, instance:testClasses.TestCases@4a22f9e2] output={null}]]]>
              </value>
            </param>
          </params>
          <reporter-output>
          </reporter-output>
        </test-method> <!-- aftermethod -->
        <test-method is-config="true" signature="beforeMethod()[pri:0, instance:testClasses.TestCases@4a22f9e2]" started-at="2023-03-28T11:27:30 IST" name="beforeMethod" finished-at="2023-03-28T11:27:30 IST" duration-ms="1" status="PASS">
          <reporter-output>
          </reporter-output>
        </test-method> <!-- beforeMethod -->
        <test-method is-config="true" signature="beforemethod()[pri:0, instance:testClasses.TestCases@4a22f9e2]" started-at="2023-03-28T11:27:30 IST" name="beforemethod" finished-at="2023-03-28T11:27:30 IST" duration-ms="1" status="PASS">
          <reporter-output>
          </reporter-output>
        </test-method> <!-- beforemethod -->
        <test-method signature="verify_Search_With_All_Tabs()[pri:4, instance:testClasses.TestCases@4a22f9e2]" started-at="2023-03-28T11:27:30 IST" name="verify_Search_With_All_Tabs" finished-at="2023-03-28T11:27:42 IST" depends-on-methods="testClasses.TestCases.verify_Valid_Credentials" duration-ms="11346" status="PASS">
          <reporter-output>
          </reporter-output>
        </test-method> <!-- verify_Search_With_All_Tabs -->
        <test-method is-config="true" signature="aftermethod(org.testng.ITestResult)[pri:0, instance:testClasses.TestCases@4a22f9e2]" started-at="2023-03-28T11:27:42 IST" name="aftermethod" finished-at="2023-03-28T11:27:42 IST" duration-ms="55" status="PASS">
          <params>
            <param index="0">
              <value>
                <![CDATA[[TestResult name=verify_Search_With_All_Tabs status=SUCCESS method=TestCases.verify_Search_With_All_Tabs()[pri:4, instance:testClasses.TestCases@4a22f9e2] output={null}]]]>
              </value>
            </param>
          </params>
          <reporter-output>
          </reporter-output>
        </test-method> <!-- aftermethod -->
        <test-method is-config="true" signature="beforeMethod()[pri:0, instance:testClasses.TestCases@4a22f9e2]" started-at="2023-03-28T11:27:42 IST" name="beforeMethod" finished-at="2023-03-28T11:27:42 IST" duration-ms="0" status="PASS">
          <reporter-output>
          </reporter-output>
        </test-method> <!-- beforeMethod -->
        <test-method is-config="true" signature="beforemethod()[pri:0, instance:testClasses.TestCases@4a22f9e2]" started-at="2023-03-28T11:27:42 IST" name="beforemethod" finished-at="2023-03-28T11:27:42 IST" duration-ms="2" status="PASS">
          <reporter-output>
          </reporter-output>
        </test-method> <!-- beforemethod -->
        <test-method signature="verify_Tabs_Colspan()[pri:4, instance:testClasses.TestCases@4a22f9e2]" started-at="2023-03-28T11:27:42 IST" name="verify_Tabs_Colspan" finished-at="2023-03-28T11:27:42 IST" duration-ms="204" status="PASS">
          <reporter-output>
          </reporter-output>
        </test-method> <!-- verify_Tabs_Colspan -->
        <test-method is-config="true" signature="aftermethod(org.testng.ITestResult)[pri:0, instance:testClasses.TestCases@4a22f9e2]" started-at="2023-03-28T11:27:42 IST" name="aftermethod" finished-at="2023-03-28T11:27:42 IST" duration-ms="68" status="PASS">
          <params>
            <param index="0">
              <value>
                <![CDATA[[TestResult name=verify_Tabs_Colspan status=SUCCESS method=TestCases.verify_Tabs_Colspan()[pri:4, instance:testClasses.TestCases@4a22f9e2] output={null}]]]>
              </value>
            </param>
          </params>
          <reporter-output>
          </reporter-output>
        </test-method> <!-- aftermethod -->
        <test-method is-config="true" signature="beforemethod()[pri:0, instance:testClasses.TestCases@4a22f9e2]" started-at="2023-03-28T11:27:42 IST" name="beforemethod" finished-at="2023-03-28T11:27:42 IST" duration-ms="1" status="PASS">
          <reporter-output>
          </reporter-output>
        </test-method> <!-- beforemethod -->
        <test-method is-config="true" signature="beforeMethod()[pri:0, instance:testClasses.TestCases@4a22f9e2]" started-at="2023-03-28T11:27:42 IST" name="beforeMethod" finished-at="2023-03-28T11:27:42 IST" duration-ms="0" status="PASS">
          <reporter-output>
          </reporter-output>
        </test-method> <!-- beforeMethod -->
        <test-method signature="verify_All_links_DashBoard()[pri:5, instance:testClasses.TestCases@4a22f9e2]" started-at="2023-03-28T11:27:42 IST" name="verify_All_links_DashBoard" finished-at="2023-03-28T11:27:52 IST" depends-on-methods="testClasses.TestCases.verify_Valid_Credentials" duration-ms="9868" status="PASS">
          <reporter-output>
          </reporter-output>
        </test-method> <!-- verify_All_links_DashBoard -->
        <test-method is-config="true" signature="aftermethod(org.testng.ITestResult)[pri:0, instance:testClasses.TestCases@4a22f9e2]" started-at="2023-03-28T11:27:52 IST" name="aftermethod" finished-at="2023-03-28T11:27:52 IST" duration-ms="89" status="PASS">
          <params>
            <param index="0">
              <value>
                <![CDATA[[TestResult name=verify_All_links_DashBoard status=SUCCESS method=TestCases.verify_All_links_DashBoard()[pri:5, instance:testClasses.TestCases@4a22f9e2] output={null}]]]>
              </value>
            </param>
          </params>
          <reporter-output>
          </reporter-output>
        </test-method> <!-- aftermethod -->
        <test-method is-config="true" signature="beforemethod()[pri:0, instance:testClasses.TestCases@4a22f9e2]" started-at="2023-03-28T11:27:52 IST" name="beforemethod" finished-at="2023-03-28T11:27:52 IST" duration-ms="2" status="PASS">
          <reporter-output>
          </reporter-output>
        </test-method> <!-- beforemethod -->
        <test-method is-config="true" signature="beforeMethod()[pri:0, instance:testClasses.TestCases@4a22f9e2]" started-at="2023-03-28T11:27:52 IST" name="beforeMethod" finished-at="2023-03-28T11:27:52 IST" duration-ms="0" status="PASS">
          <reporter-output>
          </reporter-output>
        </test-method> <!-- beforeMethod -->
        <test-method signature="verify_Dash_Profile_About_PopupURL()[pri:6, instance:testClasses.TestCases@4a22f9e2]" started-at="2023-03-28T11:27:52 IST" name="verify_Dash_Profile_About_PopupURL" finished-at="2023-03-28T11:27:53 IST" depends-on-methods="testClasses.TestCases.verify_Valid_Credentials" duration-ms="905" status="PASS">
          <reporter-output>
          </reporter-output>
        </test-method> <!-- verify_Dash_Profile_About_PopupURL -->
        <test-method is-config="true" signature="aftermethod(org.testng.ITestResult)[pri:0, instance:testClasses.TestCases@4a22f9e2]" started-at="2023-03-28T11:27:53 IST" name="aftermethod" finished-at="2023-03-28T11:27:53 IST" duration-ms="55" status="PASS">
          <params>
            <param index="0">
              <value>
                <![CDATA[[TestResult name=verify_Dash_Profile_About_PopupURL status=SUCCESS method=TestCases.verify_Dash_Profile_About_PopupURL()[pri:6, instance:testClasses.TestCases@4a22f9e2] output={null}]]]>
              </value>
            </param>
          </params>
          <reporter-output>
          </reporter-output>
        </test-method> <!-- aftermethod -->
        <test-method is-config="true" signature="beforeMethod()[pri:0, instance:testClasses.TestCases@4a22f9e2]" started-at="2023-03-28T11:27:53 IST" name="beforeMethod" finished-at="2023-03-28T11:27:53 IST" duration-ms="0" status="PASS">
          <reporter-output>
          </reporter-output>
        </test-method> <!-- beforeMethod -->
        <test-method is-config="true" signature="beforemethod()[pri:0, instance:testClasses.TestCases@4a22f9e2]" started-at="2023-03-28T11:27:53 IST" name="beforemethod" finished-at="2023-03-28T11:27:53 IST" duration-ms="1" status="PASS">
          <reporter-output>
          </reporter-output>
        </test-method> <!-- beforemethod -->
        <test-method signature="verify_Dash_Profile_SupportPageURL()[pri:7, instance:testClasses.TestCases@4a22f9e2]" started-at="2023-03-28T11:27:53 IST" name="verify_Dash_Profile_SupportPageURL" finished-at="2023-03-28T11:27:55 IST" duration-ms="1582" status="PASS">
          <reporter-output>
          </reporter-output>
        </test-method> <!-- verify_Dash_Profile_SupportPageURL -->
        <test-method is-config="true" signature="aftermethod(org.testng.ITestResult)[pri:0, instance:testClasses.TestCases@4a22f9e2]" started-at="2023-03-28T11:27:55 IST" name="aftermethod" finished-at="2023-03-28T11:27:55 IST" duration-ms="86" status="PASS">
          <params>
            <param index="0">
              <value>
                <![CDATA[[TestResult name=verify_Dash_Profile_SupportPageURL status=SUCCESS method=TestCases.verify_Dash_Profile_SupportPageURL()[pri:7, instance:testClasses.TestCases@4a22f9e2] output={null}]]]>
              </value>
            </param>
          </params>
          <reporter-output>
          </reporter-output>
        </test-method> <!-- aftermethod -->
        <test-method is-config="true" signature="beforemethod()[pri:0, instance:testClasses.TestCases@4a22f9e2]" started-at="2023-03-28T11:27:55 IST" name="beforemethod" finished-at="2023-03-28T11:27:55 IST" duration-ms="1" status="PASS">
          <reporter-output>
          </reporter-output>
        </test-method> <!-- beforemethod -->
        <test-method is-config="true" signature="beforeMethod()[pri:0, instance:testClasses.TestCases@4a22f9e2]" started-at="2023-03-28T11:27:55 IST" name="beforeMethod" finished-at="2023-03-28T11:27:55 IST" duration-ms="0" status="PASS">
          <reporter-output>
          </reporter-output>
        </test-method> <!-- beforeMethod -->
        <test-method signature="verify_Dash_Profile_ChangePasswordURL()[pri:8, instance:testClasses.TestCases@4a22f9e2]" started-at="2023-03-28T11:27:55 IST" name="verify_Dash_Profile_ChangePasswordURL" finished-at="2023-03-28T11:27:56 IST" duration-ms="1088" status="PASS">
          <reporter-output>
          </reporter-output>
        </test-method> <!-- verify_Dash_Profile_ChangePasswordURL -->
        <test-method is-config="true" signature="aftermethod(org.testng.ITestResult)[pri:0, instance:testClasses.TestCases@4a22f9e2]" started-at="2023-03-28T11:27:56 IST" name="aftermethod" finished-at="2023-03-28T11:27:56 IST" duration-ms="82" status="PASS">
          <params>
            <param index="0">
              <value>
                <![CDATA[[TestResult name=verify_Dash_Profile_ChangePasswordURL status=SUCCESS method=TestCases.verify_Dash_Profile_ChangePasswordURL()[pri:8, instance:testClasses.TestCases@4a22f9e2] output={null}]]]>
              </value>
            </param>
          </params>
          <reporter-output>
          </reporter-output>
        </test-method> <!-- aftermethod -->
        <test-method is-config="true" signature="beforeMethod()[pri:0, instance:testClasses.TestCases@4a22f9e2]" started-at="2023-03-28T11:27:56 IST" name="beforeMethod" finished-at="2023-03-28T11:27:56 IST" duration-ms="1" status="PASS">
          <reporter-output>
          </reporter-output>
        </test-method> <!-- beforeMethod -->
        <test-method is-config="true" signature="beforemethod()[pri:0, instance:testClasses.TestCases@4a22f9e2]" started-at="2023-03-28T11:27:56 IST" name="beforemethod" finished-at="2023-03-28T11:27:56 IST" duration-ms="3" status="PASS">
          <reporter-output>
          </reporter-output>
        </test-method> <!-- beforemethod -->
        <test-method signature="verify_DashBoard_Logout_Functionality()[pri:9, instance:testClasses.TestCases@4a22f9e2]" started-at="2023-03-28T11:27:56 IST" name="verify_DashBoard_Logout_Functionality" finished-at="2023-03-28T11:27:57 IST" duration-ms="888" status="PASS">
          <reporter-output>
          </reporter-output>
        </test-method> <!-- verify_DashBoard_Logout_Functionality -->
        <test-method is-config="true" signature="aftermethod(org.testng.ITestResult)[pri:0, instance:testClasses.TestCases@4a22f9e2]" started-at="2023-03-28T11:27:57 IST" name="aftermethod" finished-at="2023-03-28T11:27:57 IST" duration-ms="44" status="PASS">
          <params>
            <param index="0">
              <value>
                <![CDATA[[TestResult name=verify_DashBoard_Logout_Functionality status=SUCCESS method=TestCases.verify_DashBoard_Logout_Functionality()[pri:9, instance:testClasses.TestCases@4a22f9e2] output={null}]]]>
              </value>
            </param>
          </params>
          <reporter-output>
          </reporter-output>
        </test-method> <!-- aftermethod -->
        <test-method is-config="true" signature="afterclass()[pri:0, instance:testClasses.TestCases@4a22f9e2]" started-at="2023-03-28T11:27:57 IST" name="afterclass" finished-at="2023-03-28T11:27:57 IST" duration-ms="368" status="PASS">
          <reporter-output>
          </reporter-output>
        </test-method> <!-- afterclass -->
      </class> <!-- testClasses.TestCases -->
    </test> <!-- chrome -->
  </suite> <!-- Suite -->
</testng-results>
